<?xml version="1.0" encoding="UTF-8"?>
<!-- Generated by org.testng.reporters.JUnitXMLReporter -->
<testsuite ignored="0" hostname="L-PF2M9AF8" failures="0" tests="5" name="Naukari Test" time="28.935" errors="0" timestamp="2023-12-28T13:12:23 IST">
  <testcase classname="com.naukari.test.web.login.LoginSuccessfullyTestValidAndInvalid" name="A01_toVerifyThatAUserWithValidCredentialsCanSuccessfullyLogInAndloginessTheSystem" time="6.871"/>
  <testcase classname="com.naukari.test.web.login.LoginSuccessfullyTestValidAndInvalid" name="A02_toValidateThatAnErrorMessageIsDisplayedWhenAttemptingToLogInWithInvalidCredentials" time="7.356"/>
  <testcase classname="com.naukari.test.web.login.LoginSuccessfullyTestValidAndInvalid" name="A03_toEnsureThatTheLoginPageRetainsTheEnteredUsernameAndPasswordFieldsValuesAfterAFailedLoginAttempt" time="4.638"/>
  <testcase classname="com.naukari.test.web.login.LoginSuccessfullyTestValidAndInvalid" name="A04_toTestThatTheLoginButtonIsDisabledWhenBothUsernameAndPasswordFieldsAreEmpty" time="1.14"/>
  <testcase classname="com.naukari.test.web.login.LoginSuccessfullyTestValidAndInvalid" name="A05_toConfirmThatTheLoginButtonIsEnabledOnlyWhenBothUsernameAndPasswordFieldsAreFilledWithValidInput" time="4.099"/>
</testsuite> <!-- Naukari Test -->
